<?xml version="1.0" encoding="UTF-8" ?>
<testsuite tests="6" failures="2" name="TestSuite" time="0.097" errors="0" skipped="0">
  <properties>
[...]
</properties>
  <testcase classname="AnnotactionTest" name="test1" time="0.002"/>
  <testcase classname="AnnotactionTest" name="test2" time="0"/>
  <testcase classname="AnnotactionTest" name="test3" time="0.001"/>
  <testcase classname="AssertionsTest" name="shouldFail" time="0.008">
    <failure message="expected [false] but found [true]" type="java.lang.AssertionError">java.lang.AssertionError: expected [false] but found [true]
	at org.testng.Assert.fail(Assert.java:96)
	at org.testng.Assert.failNotEquals(Assert.java:776)
	at org.testng.Assert.assertFalse(Assert.java:65)
	at org.testng.Assert.assertFalse(Assert.java:75)
	at AssertionsTest.shouldFail(AssertionsTest.java:16)
</failure>
    <system-out>To sie wykonuje po kazdym tescie
To sie wykonuje po wszystkich testach
</system-out>
  </testcase>
  <testcase classname="AssertionsTest" name="shouldPass" time="0"/>
  <testcase classname="FormTest" name="shouldSendForm" time="0.086">
    <failure message="The driver executable does not exist: C:\drivers\chromedriver.exe" type="java.lang.IllegalStateException">java.lang.IllegalStateException: The driver executable does not exist: C:\drivers\chromedriver.exe
	at com.google.common.base.Preconditions.checkState(Preconditions.java:585)
	at org.openqa.selenium.remote.service.DriverService.checkExecutable(DriverService.java:136)
	at org.openqa.selenium.remote.service.DriverService.findExecutable(DriverService.java:131)
	at org.openqa.selenium.chrome.ChromeDriverService.access$000(ChromeDriverService.java:32)
	at org.openqa.selenium.chrome.ChromeDriverService$Builder.findDefaultExecutable(ChromeDriverService.java:137)
	at org.openqa.selenium.remote.service.DriverService$Builder.build(DriverService.java:339)
	at org.openqa.selenium.chrome.ChromeDriverService.createDefaultService(ChromeDriverService.java:88)
	at org.openqa.selenium.chrome.ChromeDriver.&lt;init&gt;(ChromeDriver.java:157)
	at FormTest.shouldSendForm(FormTest.java:15)
</failure>
  </testcase>
</testsuite>